<?xml version="1.0" encoding="UTF-8"?>
<testng-results skipped="0" failed="0" total="1" passed="1">
  <reporter-output>
  </reporter-output>
  <suite name="Default suite" duration-ms="55272" started-at="2016-01-06T12:34:57Z" finished-at="2016-01-06T12:35:52Z">
    <groups>
    </groups>
    <test name="Default test" duration-ms="55272" started-at="2016-01-06T12:34:57Z" finished-at="2016-01-06T12:35:52Z">
      <class name="mounika.TestApp">
        <test-method status="PASS" signature="setUp()[pri:0, instance:mounika.TestApp@1134affc]" name="setUp" is-config="true" duration-ms="22537" started-at="2016-01-06T18:04:57Z" finished-at="2016-01-06T18:05:20Z">
          <reporter-output>
          </reporter-output>
        </test-method> <!-- setUp -->
        <test-method status="PASS" signature="test()[pri:0, instance:mounika.TestApp@1134affc]" name="test" duration-ms="31894" started-at="2016-01-06T18:05:20Z" finished-at="2016-01-06T18:05:51Z">
          <reporter-output>
          </reporter-output>
        </test-method> <!-- test -->
        <test-method status="PASS" signature="tearDown()[pri:0, instance:mounika.TestApp@1134affc]" name="tearDown" is-config="true" duration-ms="799" started-at="2016-01-06T18:05:51Z" finished-at="2016-01-06T18:05:52Z">
          <reporter-output>
          </reporter-output>
        </test-method> <!-- tearDown -->
      </class> <!-- mounika.TestApp -->
    </test> <!-- Default test -->
  </suite> <!-- Default suite -->
</testng-results>
