<?xml version="1.0" encoding="UTF-8"?>
<testng-results skipped="0" failed="0" total="1" passed="1">
  <reporter-output>
  </reporter-output>
  <suite name="Default suite" duration-ms="40428" started-at="2016-01-06T13:30:47Z" finished-at="2016-01-06T13:31:28Z">
    <groups>
    </groups>
    <test name="Default test" duration-ms="40428" started-at="2016-01-06T13:30:47Z" finished-at="2016-01-06T13:31:28Z">
      <class name="mounika.TestApp">
        <test-method status="PASS" signature="setUp()[pri:0, instance:mounika.TestApp@1134affc]" name="setUp" is-config="true" duration-ms="7961" started-at="2016-01-06T19:00:47Z" finished-at="2016-01-06T19:00:55Z">
          <reporter-output>
          </reporter-output>
        </test-method> <!-- setUp -->
        <test-method status="PASS" signature="test()[pri:0, instance:mounika.TestApp@1134affc]" name="test" duration-ms="31944" started-at="2016-01-06T19:00:55Z" finished-at="2016-01-06T19:01:27Z">
          <reporter-output>
          </reporter-output>
        </test-method> <!-- test -->
        <test-method status="PASS" signature="tearDown()[pri:0, instance:mounika.TestApp@1134affc]" name="tearDown" is-config="true" duration-ms="503" started-at="2016-01-06T19:01:27Z" finished-at="2016-01-06T19:01:28Z">
          <reporter-output>
          </reporter-output>
        </test-method> <!-- tearDown -->
      </class> <!-- mounika.TestApp -->
    </test> <!-- Default test -->
  </suite> <!-- Default suite -->
</testng-results>
